nohup: record.py: No such file or directory
recording...
finished recording
recording...
finished recording
recording...
finished recording
recording...
finished recording
recording...
Traceback (most recent call last):
  File "record.py", line 19, in <module>
    os.remove(os.path.join('file.wav'))
NameError: name 'os' is not defined
recording...
Traceback (most recent call last):
  File "record.py", line 19, in <module>
    os.remove(os.path.join('file.wav'))
NameError: name 'os' is not defined
recording...
Traceback (most recent call last):
  File "record.py", line 19, in <module>
    os.remove(os.path.join('file.wav'))
NameError: name 'os' is not defined
